c:\sourcetree\directx11_renderer\build\x64\debug\rendererd.pdb
c:\sourcetree\directx11_renderer\build\x64\debug\rendererd.idb
c:\sourcetree\directx11_renderer\source\renderer\x64\debug\texture.obj
c:\sourcetree\directx11_renderer\source\renderer\x64\debug\rendertexture.obj
c:\sourcetree\directx11_renderer\source\renderer\x64\debug\material.obj
c:\sourcetree\directx11_renderer\source\renderer\x64\debug\ddstextureloader.obj
c:\sourcetree\directx11_renderer\source\renderer\x64\debug\vertexshader.obj
c:\sourcetree\directx11_renderer\source\renderer\x64\debug\skymapvertexshader.obj
c:\sourcetree\directx11_renderer\source\renderer\x64\debug\skinningvertexshader.obj
c:\sourcetree\directx11_renderer\source\renderer\x64\debug\shadowvertexshader.obj
c:\sourcetree\directx11_renderer\source\renderer\x64\debug\shader.obj
c:\sourcetree\directx11_renderer\source\renderer\x64\debug\pixelshader.obj
c:\sourcetree\directx11_renderer\source\renderer\x64\debug\voxel.obj
c:\sourcetree\directx11_renderer\source\renderer\x64\debug\scene.obj
c:\sourcetree\directx11_renderer\source\renderer\x64\debug\skybox.obj
c:\sourcetree\directx11_renderer\source\renderer\x64\debug\renderer.obj
c:\sourcetree\directx11_renderer\source\renderer\x64\debug\renderable.obj
c:\sourcetree\directx11_renderer\source\renderer\x64\debug\instancedrenderable.obj
c:\sourcetree\directx11_renderer\source\renderer\x64\debug\model.obj
c:\sourcetree\directx11_renderer\source\renderer\x64\debug\pointlight.obj
c:\sourcetree\directx11_renderer\source\renderer\x64\debug\game.obj
c:\sourcetree\directx11_renderer\source\renderer\x64\debug\camera.obj
c:\sourcetree\directx11_renderer\source\renderer\x64\debug\mainwindow.obj
c:\sourcetree\directx11_renderer\source\renderer\x64\debug\wictextureloader.obj
c:\sourcetree\directx11_renderer\build\x64\debug\rendererd.lib
c:\sourcetree\directx11_renderer\source\renderer\x64\debug\resource.res
c:\sourcetree\directx11_renderer\source\renderer\x64\debug\renderer.tlog\cl.command.1.tlog
c:\sourcetree\directx11_renderer\source\renderer\x64\debug\renderer.tlog\cl.read.1.tlog
c:\sourcetree\directx11_renderer\source\renderer\x64\debug\renderer.tlog\cl.write.1.tlog
c:\sourcetree\directx11_renderer\source\renderer\x64\debug\renderer.tlog\lib-link-cvtres.read.1.tlog
c:\sourcetree\directx11_renderer\source\renderer\x64\debug\renderer.tlog\lib-link-cvtres.write.1.tlog
c:\sourcetree\directx11_renderer\source\renderer\x64\debug\renderer.tlog\lib.command.1.tlog
c:\sourcetree\directx11_renderer\source\renderer\x64\debug\renderer.tlog\rc.command.1.tlog
c:\sourcetree\directx11_renderer\source\renderer\x64\debug\renderer.tlog\rc.read.1.tlog
c:\sourcetree\directx11_renderer\source\renderer\x64\debug\renderer.tlog\rc.write.1.tlog
