d3dcompiler.lib(D3DCOMPILER_47.dll) : warning LNK4006: __NULL_IMPORT_DESCRIPTOR already defined in d3d11.lib(d3d11.dll); second definition ignored
assimp-vc143-mtd.lib(assimp-vc143-mtd.dll) : warning LNK4006: __NULL_IMPORT_DESCRIPTOR already defined in d3d11.lib(d3d11.dll); second definition ignored
Model.obj : warning LNK4006: "public: unsigned int __cdecl aiMaterial::GetTextureCount(enum aiTextureType)const " (?GetTextureCount@aiMaterial@@QEBAIW4aiTextureType@@@Z) already defined in assimp-vc143-mtd.lib(assimp-vc143-mtd.dll); second definition ignored
Model.obj : warning LNK4006: "public: enum aiReturn __cdecl aiMaterial::GetTexture(enum aiTextureType,unsigned int,struct aiString *,enum aiTextureMapping *,unsigned int *,float *,enum aiTextureOp *,enum aiTextureMapMode *)const " (?GetTexture@aiMaterial@@QEBA?AW4aiReturn@@W4aiTextureType@@IPEAUaiString@@PEAW4aiTextureMapping@@PEAIPEAMPEAW4aiTextureOp@@PEAW4aiTextureMapMode@@@Z) already defined in assimp-vc143-mtd.lib(assimp-vc143-mtd.dll); second definition ignored
  Renderer.vcxproj -> C:\sourcetree\DirectX11_Renderer\Build\x64\Debug\Rendererd.lib
  C:\sourcetree\DirectX11_Renderer\Build\x64\Debug\assimp-vc143-mtd.dll
  C:\sourcetree\DirectX11_Renderer\Build\x64\Debug\CubeMap_PS.cso
  C:\sourcetree\DirectX11_Renderer\Build\x64\Debug\CubeMap_VS.cso
  C:\sourcetree\DirectX11_Renderer\Build\x64\Debug\Game.exe
  C:\sourcetree\DirectX11_Renderer\Build\x64\Debug\Game.pdb
  C:\sourcetree\DirectX11_Renderer\Build\x64\Debug\Physicsd.idb
  C:\sourcetree\DirectX11_Renderer\Build\x64\Debug\Physicsd.lib
  C:\sourcetree\DirectX11_Renderer\Build\x64\Debug\Physicsd.pdb
  C:\sourcetree\DirectX11_Renderer\Build\x64\Debug\PS.cso
  C:\sourcetree\DirectX11_Renderer\Build\x64\Debug\Rendererd.idb
  C:\sourcetree\DirectX11_Renderer\Build\x64\Debug\Rendererd.lib
  C:\sourcetree\DirectX11_Renderer\Build\x64\Debug\Rendererd.pdb
  C:\sourcetree\DirectX11_Renderer\Build\x64\Debug\VS.cso
         13개 파일이 복사되었습니다.
  0개 파일이 복사되었습니다.
